<?xml version="1.0" encoding="UTF-8" ?>
<testsuite failures="0" time="0.094" errors="0" skipped="0" tests="1" name="com.siberhus.dbresource.util.HibernateJpaUtilTest">
  <properties>
    <property name="java.runtime.name" value="Java(TM) SE Runtime Environment"/>
    <property name="sun.boot.library.path" value="C:\Program Files\Java\jdk1.6.0_18\jre\bin"/>
    <property name="java.vm.version" value="16.0-b13"/>
    <property name="java.vm.vendor" value="Sun Microsystems Inc."/>
    <property name="java.vendor.url" value="http://java.sun.com/"/>
    <property name="path.separator" value=";"/>
    <property name="java.vm.name" value="Java HotSpot(TM) 64-Bit Server VM"/>
    <property name="file.encoding.pkg" value="sun.io"/>
    <property name="user.country" value="US"/>
    <property name="sun.java.launcher" value="SUN_STANDARD"/>
    <property name="sun.os.patch.level" value="Service Pack 1"/>
    <property name="java.vm.specification.name" value="Java Virtual Machine Specification"/>
    <property name="user.dir" value="D:\jobs\SiberHus\Workspaces\Eclipse\Maven_deprecated\dbresource-util"/>
    <property name="java.runtime.version" value="1.6.0_18-b07"/>
    <property name="java.awt.graphicsenv" value="sun.awt.Win32GraphicsEnvironment"/>
    <property name="basedir" value="D:\jobs\SiberHus\Workspaces\Eclipse\Maven_deprecated\dbresource-util"/>
    <property name="java.endorsed.dirs" value="C:\Program Files\Java\jdk1.6.0_18\jre\lib\endorsed"/>
    <property name="os.arch" value="amd64"/>
    <property name="surefire.real.class.path" value="C:\Users\HUSSAC~1\AppData\Local\Temp\surefirebooter833761460623489932.jar"/>
    <property name="java.io.tmpdir" value="C:\Users\HUSSAC~1\AppData\Local\Temp\"/>
    <property name="line.separator" value="
"/>
    <property name="java.vm.specification.vendor" value="Sun Microsystems Inc."/>
    <property name="user.variant" value=""/>
    <property name="os.name" value="Windows 7"/>
    <property name="sun.jnu.encoding" value="MS874"/>
    <property name="java.library.path" value="C:\Program Files\Java\jdk1.6.0_18\jre\bin;.;C:\Windows\Sun\Java\bin;C:\Windows\system32;C:\Windows;C:/Program Files/Java/jdk1.6.0_18/bin/../jre/bin/server;C:/Program Files/Java/jdk1.6.0_18/bin/../jre/bin;C:/Program Files/Java/jdk1.6.0_18/bin/../jre/lib/amd64;C:\app\hussachai\product\11.2.0\dbhome_1\bin;C:\Program Files\Common Files\Microsoft Shared\Windows Live;C:\Program Files (x86)\Common Files\Microsoft Shared\Windows Live;C:\Windows\system32;C:\Windows;C:\Windows\System32\Wbem;C:\Windows\System32\WindowsPowerShell\v1.0\;C:\Program Files (x86)\ATI Technologies\ATI.ACE\Core-Static;C:\Program Files\WIDCOMM\Bluetooth Software\;C:\Program Files\WIDCOMM\Bluetooth Software\syswow64;C:\Program Files (x86)\Windows Live\Shared;C:\Program Files\Java\jdk1.6.0_18\bin;D:\java\tools\apache-ant-1.8.1\bin;D:\java\tools\apache-maven-3.0.1\bin;D:\java\frameworks\grails-1.3.6\bin;D:\java\SDKs\groovy-1.7.6\bin;C:\Program Files (x86)\Microsoft SQL Server\100\Tools\Binn\;C:\Program Files\Microsoft SQL Server\100\Tools\Binn\;C:\Program Files\Microsoft SQL Server\100\DTS\Binn\;C:\Program Files (x86)\Microsoft SQL Server\100\Tools\Binn\VSShell\Common7\IDE\;C:\Program Files (x86)\Microsoft SQL Server\100\DTS\Binn\;C:\Program Files (x86)\Microsoft Visual Studio 9.0\Common7\IDE\PrivateAssemblies\;C:\Program Files\PostgreSQL\9.0\bin;C:\Program Files\SlikSvn\bin\;C:\Program Files\TortoiseSVN\bin;C:\Program Files (x86)\QuickTime\QTSystem\;C:\Users\hussachai\AppData\Local\Google\Chrome\Application;D:\android\SDKs\android-sdk-windows\platform-tools;D:\portable_apps\7-ZipPortable\App\7-Zip;D:\java\IDEs\sts-2.5.1\plugins\com.google.appengine.eclipse.sdkbundle_1.5.0.r36v201105092302\appengine-java-sdk-1.5.0\bin;D:\java\IDEs\sts-2.5.1;"/>
    <property name="surefire.test.class.path" value="D:\jobs\SiberHus\Workspaces\Eclipse\Maven_deprecated\dbresource-util\target\test-classes;D:\jobs\SiberHus\Workspaces\Eclipse\Maven_deprecated\dbresource-util\target\classes;D:\java\maven_repo\junit\junit\4.5\junit-4.5.jar;D:\java\maven_repo\org\slf4j\slf4j-api\1.5.6\slf4j-api-1.5.6.jar;D:\java\maven_repo\org\slf4j\slf4j-log4j12\1.5.6\slf4j-log4j12-1.5.6.jar;D:\java\maven_repo\log4j\log4j\1.2.14\log4j-1.2.14.jar;D:\java\maven_repo\hsqldb\hsqldb\1.8.0.10\hsqldb-1.8.0.10.jar;D:\java\maven_repo\org\hibernate\hibernate-entitymanager\3.4.0.GA\hibernate-entitymanager-3.4.0.GA.jar;D:\java\maven_repo\org\hibernate\ejb3-persistence\1.0.2.GA\ejb3-persistence-1.0.2.GA.jar;D:\java\maven_repo\org\hibernate\hibernate-commons-annotations\3.1.0.GA\hibernate-commons-annotations-3.1.0.GA.jar;D:\java\maven_repo\org\hibernate\hibernate-annotations\3.4.0.GA\hibernate-annotations-3.4.0.GA.jar;D:\java\maven_repo\org\hibernate\hibernate-core\3.3.0.SP1\hibernate-core-3.3.0.SP1.jar;D:\java\maven_repo\antlr\antlr\2.7.6\antlr-2.7.6.jar;D:\java\maven_repo\commons-collections\commons-collections\3.1\commons-collections-3.1.jar;D:\java\maven_repo\dom4j\dom4j\1.6.1\dom4j-1.6.1.jar;D:\java\maven_repo\xml-apis\xml-apis\1.0.b2\xml-apis-1.0.b2.jar;D:\java\maven_repo\javax\transaction\jta\1.1\jta-1.1.jar;D:\java\maven_repo\javassist\javassist\3.4.GA\javassist-3.4.GA.jar;D:\java\maven_repo\c3p0\c3p0\0.9.1.2\c3p0-0.9.1.2.jar;D:\java\maven_repo\commons-dbcp\commons-dbcp\1.2.2\commons-dbcp-1.2.2.jar;D:\java\maven_repo\commons-pool\commons-pool\1.3\commons-pool-1.3.jar;D:\java\maven_repo\com\siberhus\siberhus-commons\0.1\siberhus-commons-0.1.jar;D:\java\maven_repo\commons-lang\commons-lang\2.4\commons-lang-2.4.jar;D:\java\maven_repo\commons-io\commons-io\1.4\commons-io-1.4.jar;D:\java\maven_repo\commons-beanutils\commons-beanutils\1.8.0\commons-beanutils-1.8.0.jar;D:\java\maven_repo\commons-logging\commons-logging\1.1.1\commons-logging-1.1.1.jar;"/>
    <property name="java.specification.name" value="Java Platform API Specification"/>
    <property name="java.class.version" value="50.0"/>
    <property name="sun.management.compiler" value="HotSpot 64-Bit Server Compiler"/>
    <property name="os.version" value="6.1"/>
    <property name="user.home" value="C:\Users\hussachai"/>
    <property name="user.timezone" value=""/>
    <property name="java.awt.printerjob" value="sun.awt.windows.WPrinterJob"/>
    <property name="java.specification.version" value="1.6"/>
    <property name="file.encoding" value="Cp1252"/>
    <property name="user.name" value="hussachai"/>
    <property name="java.class.path" value="D:\jobs\SiberHus\Workspaces\Eclipse\Maven_deprecated\dbresource-util\target\test-classes;D:\jobs\SiberHus\Workspaces\Eclipse\Maven_deprecated\dbresource-util\target\classes;D:\java\maven_repo\junit\junit\4.5\junit-4.5.jar;D:\java\maven_repo\org\slf4j\slf4j-api\1.5.6\slf4j-api-1.5.6.jar;D:\java\maven_repo\org\slf4j\slf4j-log4j12\1.5.6\slf4j-log4j12-1.5.6.jar;D:\java\maven_repo\log4j\log4j\1.2.14\log4j-1.2.14.jar;D:\java\maven_repo\hsqldb\hsqldb\1.8.0.10\hsqldb-1.8.0.10.jar;D:\java\maven_repo\org\hibernate\hibernate-entitymanager\3.4.0.GA\hibernate-entitymanager-3.4.0.GA.jar;D:\java\maven_repo\org\hibernate\ejb3-persistence\1.0.2.GA\ejb3-persistence-1.0.2.GA.jar;D:\java\maven_repo\org\hibernate\hibernate-commons-annotations\3.1.0.GA\hibernate-commons-annotations-3.1.0.GA.jar;D:\java\maven_repo\org\hibernate\hibernate-annotations\3.4.0.GA\hibernate-annotations-3.4.0.GA.jar;D:\java\maven_repo\org\hibernate\hibernate-core\3.3.0.SP1\hibernate-core-3.3.0.SP1.jar;D:\java\maven_repo\antlr\antlr\2.7.6\antlr-2.7.6.jar;D:\java\maven_repo\commons-collections\commons-collections\3.1\commons-collections-3.1.jar;D:\java\maven_repo\dom4j\dom4j\1.6.1\dom4j-1.6.1.jar;D:\java\maven_repo\xml-apis\xml-apis\1.0.b2\xml-apis-1.0.b2.jar;D:\java\maven_repo\javax\transaction\jta\1.1\jta-1.1.jar;D:\java\maven_repo\javassist\javassist\3.4.GA\javassist-3.4.GA.jar;D:\java\maven_repo\c3p0\c3p0\0.9.1.2\c3p0-0.9.1.2.jar;D:\java\maven_repo\commons-dbcp\commons-dbcp\1.2.2\commons-dbcp-1.2.2.jar;D:\java\maven_repo\commons-pool\commons-pool\1.3\commons-pool-1.3.jar;D:\java\maven_repo\com\siberhus\siberhus-commons\0.1\siberhus-commons-0.1.jar;D:\java\maven_repo\commons-lang\commons-lang\2.4\commons-lang-2.4.jar;D:\java\maven_repo\commons-io\commons-io\1.4\commons-io-1.4.jar;D:\java\maven_repo\commons-beanutils\commons-beanutils\1.8.0\commons-beanutils-1.8.0.jar;D:\java\maven_repo\commons-logging\commons-logging\1.1.1\commons-logging-1.1.1.jar;"/>
    <property name="java.vm.specification.version" value="1.0"/>
    <property name="sun.arch.data.model" value="64"/>
    <property name="java.home" value="C:\Program Files\Java\jdk1.6.0_18\jre"/>
    <property name="java.specification.vendor" value="Sun Microsystems Inc."/>
    <property name="user.language" value="en"/>
    <property name="awt.toolkit" value="sun.awt.windows.WToolkit"/>
    <property name="java.vm.info" value="mixed mode"/>
    <property name="java.version" value="1.6.0_18"/>
    <property name="java.ext.dirs" value="C:\Program Files\Java\jdk1.6.0_18\jre\lib\ext;C:\Windows\Sun\Java\lib\ext"/>
    <property name="sun.boot.class.path" value="C:\Program Files\Java\jdk1.6.0_18\jre\lib\resources.jar;C:\Program Files\Java\jdk1.6.0_18\jre\lib\rt.jar;C:\Program Files\Java\jdk1.6.0_18\jre\lib\sunrsasign.jar;C:\Program Files\Java\jdk1.6.0_18\jre\lib\jsse.jar;C:\Program Files\Java\jdk1.6.0_18\jre\lib\jce.jar;C:\Program Files\Java\jdk1.6.0_18\jre\lib\charsets.jar;C:\Program Files\Java\jdk1.6.0_18\jre\classes"/>
    <property name="java.vendor" value="Sun Microsystems Inc."/>
    <property name="localRepository" value="D:\java\maven_repo"/>
    <property name="file.separator" value="\"/>
    <property name="java.vendor.url.bug" value="http://java.sun.com/cgi-bin/bugreport.cgi"/>
    <property name="sun.cpu.endian" value="little"/>
    <property name="sun.io.unicode.encoding" value="UnicodeLittle"/>
    <property name="sun.desktop" value="windows"/>
    <property name="sun.cpu.isalist" value="amd64"/>
  </properties>
  <testcase time="0.004" classname="com.siberhus.dbresource.util.HibernateJpaUtilTest" name="testInitializeConfiguration"/>
</testsuite>